PhotoUploader_materials/Android starter project/app/build/outputs/logs/manifest-merger-debug-report.txt
-- Merging decision tree log ---
manifest
ADDED from src/main/AndroidManifest.xml:2:1-24:12
INJECTED from src/main/AndroidManifest.xml:2:1-24:12
INJECTED from src/main/AndroidManifest.xml:2:1-24:12
INJECTED from src/main/AndroidManifest.xml:2:1-24:12
MERGED from [com.android.support:appcompat-v7:27.1.1] AndroidManifest.xml:17:1-22:12
MERGED from [com.android.support.constraint:constraint-layout:1.1.2] AndroidManifest.xml:2:1-11:12
MERGED from [android.arch.work:work-runtime-ktx:1.0.0-alpha08] AndroidManifest.xml:17:1-22:12
MERGED from [com.android.support:animated-vector-drawable:27.1.1] AndroidManifest.xml:17:1-22:12
MERGED from [com.android.support:support-vector-drawable:27.1.1] AndroidManifest.xml:17:1-22:12
MERGED from [android.arch.work:work-runtime:1.0.0-alpha08] AndroidManifest.xml:17:1-118:12
MERGED from [android.arch.lifecycle:extensions:1.1.0] AndroidManifest.xml:17:1-30:12
MERGED from [com.android.support:support-fragment:27.1.1] AndroidManifest.xml:17:1-22:12
MERGED from [com.android.support:support-core-ui:27.1.1] AndroidManifest.xml:17:1-22:12
MERGED from [android.arch.persistence.room:runtime:1.1.1-rc1] AndroidManifest.xml:17:1-22:12
MERGED from [com.android.support:support-core-utils:27.1.1] AndroidManifest.xml:17:1-22:12
MERGED from [com.android.support:support-compat:27.1.1] AndroidManifest.xml:17:1-22:12
MERGED from [android.arch.lifecycle:viewmodel:1.1.0] AndroidManifest.xml:17:1-22:12
MERGED from [android.arch.lifecycle:runtime:1.1.0] AndroidManifest.xml:17:1-22:12
MERGED from [android.arch.lifecycle:livedata:1.1.0] AndroidManifest.xml:17:1-22:12
MERGED from [android.arch.lifecycle:livedata-core:1.1.0] AndroidManifest.xml:17:1-22:12
MERGED from [android.arch.persistence:db-framework:1.1.1-rc1] AndroidManifest.xml:17:1-22:12
MERGED from [android.arch.persistence:db:1.1.1-rc1] AndroidManifest.xml:17:1-22:12
MERGED from [android.arch.core:runtime:1.1.1] AndroidManifest.xml:17:1-22:12
INJECTED from src/main/AndroidManifest.xml:2:1-24:12
INJECTED from src/main/AndroidManifest.xml:2:1-24:12
INJECTED from src/main/AndroidManifest.xml:2:1-24:12
	package
		ADDED from src/main/AndroidManifest.xml:3:3-52
		INJECTED from src/main/AndroidManifest.xml
		INJECTED from src/main/AndroidManifest.xml
	android:versionName
		INJECTED from src/main/AndroidManifest.xml
		ADDED from src/main/AndroidManifest.xml:2:1-24:12
		INJECTED from src/main/AndroidManifest.xml
	android:versionCode
		INJECTED from src/main/AndroidManifest.xml
		ADDED from src/main/AndroidManifest.xml:2:1-24:12
		INJECTED from src/main/AndroidManifest.xml
	xmlns:android
		ADDED from src/main/AndroidManifest.xml:2:11-69
uses-permission#android.permission.INTERNET
ADDED from src/main/AndroidManifest.xml:5:3-65
	android:name
		ADDED from src/main/AndroidManifest.xml:5:20-62
uses-permission#android.permission.READ_EXTERNAL_STORAGE
ADDED from src/main/AndroidManifest.xml:6:3-78
	android:name
		ADDED from src/main/AndroidManifest.xml:6:20-75
uses-permission#android.permission.WRITE_EXTERNAL_STORAGE
ADDED from src/main/AndroidManifest.xml:7:3-79
	android:name
		ADDED from src/main/AndroidManifest.xml:7:20-76
application
ADDED from src/main/AndroidManifest.xml:9:3-22:17
MERGED from [com.android.support.constraint:constraint-layout:1.1.2] AndroidManifest.xml:9:5-20
MERGED from [com.android.support.constraint:constraint-layout:1.1.2] AndroidManifest.xml:9:5-20
MERGED from [android.arch.work:work-runtime:1.0.0-alpha08] AndroidManifest.xml:27:5-116:19
MERGED from [android.arch.work:work-runtime:1.0.0-alpha08] AndroidManifest.xml:27:5-116:19
MERGED from [android.arch.lifecycle:extensions:1.1.0] AndroidManifest.xml:22:5-28:19
MERGED from [android.arch.lifecycle:extensions:1.1.0] AndroidManifest.xml:22:5-28:19
	android:supportsRtl
		ADDED from src/main/AndroidManifest.xml:13:5-31
	android:label
		ADDED from src/main/AndroidManifest.xml:11:5-37
	android:roundIcon
		ADDED from src/main/AndroidManifest.xml:12:5-50
	android:icon
		ADDED from src/main/AndroidManifest.xml:10:5-39
	android:theme
		ADDED from src/main/AndroidManifest.xml:14:5-36
activity#com.raywenderlich.android.photouploader.MainActivity
ADDED from src/main/AndroidManifest.xml:15:5-21:16
	android:name
		ADDED from src/main/AndroidManifest.xml:15:15-43
intent-filter#action:name:android.intent.action.MAIN+category:name:android.intent.category.LAUNCHER
ADDED from src/main/AndroidManifest.xml:16:7-20:23
action#android.intent.action.MAIN
ADDED from src/main/AndroidManifest.xml:17:9-61
	android:name
		ADDED from src/main/AndroidManifest.xml:17:17-58
category#android.intent.category.LAUNCHER
ADDED from src/main/AndroidManifest.xml:19:9-69
	android:name
		ADDED from src/main/AndroidManifest.xml:19:19-66
uses-sdk
INJECTED from src/main/AndroidManifest.xml reason: use-sdk injection requested
INJECTED from src/main/AndroidManifest.xml
INJECTED from src/main/AndroidManifest.xml
MERGED from [com.android.support:appcompat-v7:27.1.1] AndroidManifest.xml:20:5-44
MERGED from [com.android.support:appcompat-v7:27.1.1] AndroidManifest.xml:20:5-44
MERGED from [com.android.support.constraint:constraint-layout:1.1.2] AndroidManifest.xml:5:5-7:41
MERGED from [com.android.support.constraint:constraint-layout:1.1.2] AndroidManifest.xml:5:5-7:41
MERGED from [android.arch.work:work-runtime-ktx:1.0.0-alpha08] AndroidManifest.xml:20:5-44
MERGED from [android.arch.work:work-runtime-ktx:1.0.0-alpha08] AndroidManifest.xml:20:5-44
MERGED from [com.android.support:animated-vector-drawable:27.1.1] AndroidManifest.xml:20:5-44
MERGED from [com.android.support:animated-vector-drawable:27.1.1] AndroidManifest.xml:20:5-44
MERGED from [com.android.support:support-vector-drawable:27.1.1] AndroidManifest.xml:20:5-44
MERGED from [com.android.support:support-vector-drawable:27.1.1] AndroidManifest.xml:20:5-44
MERGED from [android.arch.work:work-runtime:1.0.0-alpha08] AndroidManifest.xml:21:5-44
MERGED from [android.arch.work:work-runtime:1.0.0-alpha08] AndroidManifest.xml:21:5-44
MERGED from [android.arch.lifecycle:extensions:1.1.0] AndroidManifest.xml:20:5-44
MERGED from [android.arch.lifecycle:extensions:1.1.0] AndroidManifest.xml:20:5-44
MERGED from [com.android.support:support-fragment:27.1.1] AndroidManifest.xml:20:5-44
MERGED from [com.android.support:support-fragment:27.1.1] AndroidManifest.xml:20:5-44
MERGED from [com.android.support:support-core-ui:27.1.1] AndroidManifest.xml:20:5-44
MERGED from [com.android.support:support-core-ui:27.1.1] AndroidManifest.xml:20:5-44
MERGED from [android.arch.persistence.room:runtime:1.1.1-rc1] AndroidManifest.xml:20:5-44
MERGED from [android.arch.persistence.room:runtime:1.1.1-rc1] AndroidManifest.xml:20:5-44
MERGED from [com.android.support:support-core-utils:27.1.1] AndroidManifest.xml:20:5-44
MERGED from [com.android.support:support-core-utils:27.1.1] AndroidManifest.xml:20:5-44
MERGED from [com.android.support:support-compat:27.1.1] AndroidManifest.xml:20:5-44
MERGED from [com.android.support:support-compat:27.1.1] AndroidManifest.xml:20:5-44
MERGED from [android.arch.lifecycle:viewmodel:1.1.0] AndroidManifest.xml:20:5-44
MERGED from [android.arch.lifecycle:viewmodel:1.1.0] AndroidManifest.xml:20:5-44
MERGED from [android.arch.lifecycle:runtime:1.1.0] AndroidManifest.xml:20:5-44
MERGED from [android.arch.lifecycle:runtime:1.1.0] AndroidManifest.xml:20:5-44
MERGED from [android.arch.lifecycle:livedata:1.1.0] AndroidManifest.xml:20:5-44
MERGED from [android.arch.lifecycle:livedata:1.1.0] AndroidManifest.xml:20:5-44
MERGED from [android.arch.lifecycle:livedata-core:1.1.0] AndroidManifest.xml:20:5-44
MERGED from [android.arch.lifecycle:livedata-core:1.1.0] AndroidManifest.xml:20:5-44
MERGED from [android.arch.persistence:db-framework:1.1.1-rc1] AndroidManifest.xml:20:5-44
MERGED from [android.arch.persistence:db-framework:1.1.1-rc1] AndroidManifest.xml:20:5-44
MERGED from [android.arch.persistence:db:1.1.1-rc1] AndroidManifest.xml:20:5-44
MERGED from [android.arch.persistence:db:1.1.1-rc1] AndroidManifest.xml:20:5-44
MERGED from [android.arch.core:runtime:1.1.1] AndroidManifest.xml:20:5-44
MERGED from [android.arch.core:runtime:1.1.1] AndroidManifest.xml:20:5-44
INJECTED from src/main/AndroidManifest.xml
INJECTED from src/main/AndroidManifest.xml
	android:targetSdkVersion
		INJECTED from src/main/AndroidManifest.xml
		ADDED from src/main/AndroidManifest.xml
		INJECTED from src/main/AndroidManifest.xml
	android:minSdkVersion
		INJECTED from src/main/AndroidManifest.xml
		ADDED from src/main/AndroidManifest.xml
		INJECTED from src/main/AndroidManifest.xml
uses-permission#android.permission.WAKE_LOCK
ADDED from [android.arch.work:work-runtime:1.0.0-alpha08] AndroidManifest.xml:23:5-68
	android:name
		ADDED from [android.arch.work:work-runtime:1.0.0-alpha08] AndroidManifest.xml:23:22-65
uses-permission#android.permission.ACCESS_NETWORK_STATE
ADDED from [android.arch.work:work-runtime:1.0.0-alpha08] AndroidManifest.xml:24:5-79
	android:name
		ADDED from [android.arch.work:work-runtime:1.0.0-alpha08] AndroidManifest.xml:24:22-76
uses-permission#android.permission.RECEIVE_BOOT_COMPLETED
ADDED from [android.arch.work:work-runtime:1.0.0-alpha08] AndroidManifest.xml:25:5-81
	android:name
		ADDED from [android.arch.work:work-runtime:1.0.0-alpha08] AndroidManifest.xml:25:22-78
provider#androidx.work.impl.WorkManagerInitializer
ADDED from [android.arch.work:work-runtime:1.0.0-alpha08] AndroidManifest.xml:28:9-34:35
	android:authorities
		ADDED from [android.arch.work:work-runtime:1.0.0-alpha08] AndroidManifest.xml:30:13-68
	android:multiprocess
		ADDED from [android.arch.work:work-runtime:1.0.0-alpha08] AndroidManifest.xml:33:13-40
	android:exported
		ADDED from [android.arch.work:work-runtime:1.0.0-alpha08] AndroidManifest.xml:32:13-37
	tools:targetApi
		ADDED from [android.arch.work:work-runtime:1.0.0-alpha08] AndroidManifest.xml:34:13-32
	android:directBootAware
		ADDED from [android.arch.work:work-runtime:1.0.0-alpha08] AndroidManifest.xml:31:13-44
	android:name
		ADDED from [android.arch.work:work-runtime:1.0.0-alpha08] AndroidManifest.xml:29:13-69
service#androidx.work.impl.background.systemalarm.SystemAlarmService
ADDED from [android.arch.work:work-runtime:1.0.0-alpha08] AndroidManifest.xml:36:9-41:35
	android:enabled
		ADDED from [android.arch.work:work-runtime:1.0.0-alpha08] AndroidManifest.xml:39:13-72
	android:exported
		ADDED from [android.arch.work:work-runtime:1.0.0-alpha08] AndroidManifest.xml:40:13-37
	tools:targetApi
		ADDED from [android.arch.work:work-runtime:1.0.0-alpha08] AndroidManifest.xml:41:13-32
	android:directBootAware
		ADDED from [android.arch.work:work-runtime:1.0.0-alpha08] AndroidManifest.xml:38:13-44
	android:name
		ADDED from [android.arch.work:work-runtime:1.0.0-alpha08] AndroidManifest.xml:37:13-88
service#androidx.work.impl.background.systemjob.SystemJobService
ADDED from [android.arch.work:work-runtime:1.0.0-alpha08] AndroidManifest.xml:42:9-48:35
	android:enabled
		ADDED from [android.arch.work:work-runtime:1.0.0-alpha08] AndroidManifest.xml:45:13-70
	android:exported
		ADDED from [android.arch.work:work-runtime:1.0.0-alpha08] AndroidManifest.xml:46:13-36
	android:permission
		ADDED from [android.arch.work:work-runtime:1.0.0-alpha08] AndroidManifest.xml:47:13-69
	tools:targetApi
		ADDED from [android.arch.work:work-runtime:1.0.0-alpha08] AndroidManifest.xml:48:13-32
	android:directBootAware
		ADDED from [android.arch.work:work-runtime:1.0.0-alpha08] AndroidManifest.xml:44:13-44
	android:name
		ADDED from [android.arch.work:work-runtime:1.0.0-alpha08] AndroidManifest.xml:43:13-84
receiver#androidx.work.impl.utils.ForceStopRunnable$BroadcastReceiver
ADDED from [android.arch.work:work-runtime:1.0.0-alpha08] AndroidManifest.xml:50:9-55:35
	android:enabled
		ADDED from [android.arch.work:work-runtime:1.0.0-alpha08] AndroidManifest.xml:53:13-35
	android:exported
		ADDED from [android.arch.work:work-runtime:1.0.0-alpha08] AndroidManifest.xml:54:13-37
	tools:targetApi
		ADDED from [android.arch.work:work-runtime:1.0.0-alpha08] AndroidManifest.xml:55:13-32
	android:directBootAware
		ADDED from [android.arch.work:work-runtime:1.0.0-alpha08] AndroidManifest.xml:52:13-44
	android:name
		ADDED from [android.arch.work:work-runtime:1.0.0-alpha08] AndroidManifest.xml:51:13-88
receiver#androidx.work.impl.background.systemalarm.ConstraintProxy$BatteryChargingProxy
ADDED from [android.arch.work:work-runtime:1.0.0-alpha08] AndroidManifest.xml:56:9-65:20
	android:enabled
		ADDED from [android.arch.work:work-runtime:1.0.0-alpha08] AndroidManifest.xml:59:13-36
	tools:targetApi
		ADDED from [android.arch.work:work-runtime:1.0.0-alpha08] AndroidManifest.xml:60:13-32
	android:directBootAware
		ADDED from [android.arch.work:work-runtime:1.0.0-alpha08] AndroidManifest.xml:58:13-44
	android:name
		ADDED from [android.arch.work:work-runtime:1.0.0-alpha08] AndroidManifest.xml:57:13-106
intent-filter#action:name:android.intent.action.ACTION_POWER_CONNECTED+action:name:android.intent.action.ACTION_POWER_DISCONNECTED
ADDED from [android.arch.work:work-runtime:1.0.0-alpha08] AndroidManifest.xml:61:13-64:29
action#android.intent.action.ACTION_POWER_CONNECTED
ADDED from [android.arch.work:work-runtime:1.0.0-alpha08] AndroidManifest.xml:62:17-87
	android:name
		ADDED from [android.arch.work:work-runtime:1.0.0-alpha08] AndroidManifest.xml:62:25-84
action#android.intent.action.ACTION_POWER_DISCONNECTED
ADDED from [android.arch.work:work-runtime:1.0.0-alpha08] AndroidManifest.xml:63:17-90
	android:name
		ADDED from [android.arch.work:work-runtime:1.0.0-alpha08] AndroidManifest.xml:63:25-87
receiver#androidx.work.impl.background.systemalarm.ConstraintProxy$BatteryNotLowProxy
ADDED from [android.arch.work:work-runtime:1.0.0-alpha08] AndroidManifest.xml:66:9-75:20
	android:enabled
		ADDED from [android.arch.work:work-runtime:1.0.0-alpha08] AndroidManifest.xml:69:13-36
	tools:targetApi
		ADDED from [android.arch.work:work-runtime:1.0.0-alpha08] AndroidManifest.xml:70:13-32
	android:directBootAware
		ADDED from [android.arch.work:work-runtime:1.0.0-alpha08] AndroidManifest.xml:68:13-44
	android:name
		ADDED from [android.arch.work:work-runtime:1.0.0-alpha08] AndroidManifest.xml:67:13-104
intent-filter#action:name:android.intent.action.BATTERY_LOW+action:name:android.intent.action.BATTERY_OKAY
ADDED from [android.arch.work:work-runtime:1.0.0-alpha08] AndroidManifest.xml:71:13-74:29
action#android.intent.action.BATTERY_OKAY
ADDED from [android.arch.work:work-runtime:1.0.0-alpha08] AndroidManifest.xml:72:17-77
	android:name
		ADDED from [android.arch.work:work-runtime:1.0.0-alpha08] AndroidManifest.xml:72:25-74
action#android.intent.action.BATTERY_LOW
ADDED from [android.arch.work:work-runtime:1.0.0-alpha08] AndroidManifest.xml:73:17-76
	android:name
		ADDED from [android.arch.work:work-runtime:1.0.0-alpha08] AndroidManifest.xml:73:25-73
receiver#androidx.work.impl.background.systemalarm.ConstraintProxy$StorageNotLowProxy
ADDED from [android.arch.work:work-runtime:1.0.0-alpha08] AndroidManifest.xml:76:9-85:20
	android:enabled
		ADDED from [android.arch.work:work-runtime:1.0.0-alpha08] AndroidManifest.xml:79:13-36
	tools:targetApi
		ADDED from [android.arch.work:work-runtime:1.0.0-alpha08] AndroidManifest.xml:80:13-32
	android:directBootAware
		ADDED from [android.arch.work:work-runtime:1.0.0-alpha08] AndroidManifest.xml:78:13-44
	android:name
		ADDED from [android.arch.work:work-runtime:1.0.0-alpha08] AndroidManifest.xml:77:13-104
intent-filter#action:name:android.intent.action.DEVICE_STORAGE_LOW+action:name:android.intent.action.DEVICE_STORAGE_OK
ADDED from [android.arch.work:work-runtime:1.0.0-alpha08] AndroidManifest.xml:81:13-84:29
action#android.intent.action.DEVICE_STORAGE_LOW
ADDED from [android.arch.work:work-runtime:1.0.0-alpha08] AndroidManifest.xml:82:17-83
	android:name
		ADDED from [android.arch.work:work-runtime:1.0.0-alpha08] AndroidManifest.xml:82:25-80
action#android.intent.action.DEVICE_STORAGE_OK
ADDED from [android.arch.work:work-runtime:1.0.0-alpha08] AndroidManifest.xml:83:17-82
	android:name
		ADDED from [android.arch.work:work-runtime:1.0.0-alpha08] AndroidManifest.xml:83:25-79
receiver#androidx.work.impl.background.systemalarm.ConstraintProxy$NetworkStateProxy
ADDED from [android.arch.work:work-runtime:1.0.0-alpha08] AndroidManifest.xml:86:9-94:20
	android:enabled
		ADDED from [android.arch.work:work-runtime:1.0.0-alpha08] AndroidManifest.xml:89:13-36
	tools:targetApi
		ADDED from [android.arch.work:work-runtime:1.0.0-alpha08] AndroidManifest.xml:90:13-32
	android:directBootAware
		ADDED from [android.arch.work:work-runtime:1.0.0-alpha08] AndroidManifest.xml:88:13-44
	android:name
		ADDED from [android.arch.work:work-runtime:1.0.0-alpha08] AndroidManifest.xml:87:13-103
intent-filter#action:name:android.net.conn.CONNECTIVITY_CHANGE
ADDED from [android.arch.work:work-runtime:1.0.0-alpha08] AndroidManifest.xml:91:13-93:29
action#android.net.conn.CONNECTIVITY_CHANGE
ADDED from [android.arch.work:work-runtime:1.0.0-alpha08] AndroidManifest.xml:92:17-79
	android:name
		ADDED from [android.arch.work:work-runtime:1.0.0-alpha08] AndroidManifest.xml:92:25-76
receiver#androidx.work.impl.background.systemalarm.RescheduleReceiver
ADDED from [android.arch.work:work-runtime:1.0.0-alpha08] AndroidManifest.xml:95:9-105:20
	android:enabled
		ADDED from [android.arch.work:work-runtime:1.0.0-alpha08] AndroidManifest.xml:98:13-36
	tools:targetApi
		ADDED from [android.arch.work:work-runtime:1.0.0-alpha08] AndroidManifest.xml:99:13-32
	android:directBootAware
		ADDED from [android.arch.work:work-runtime:1.0.0-alpha08] AndroidManifest.xml:97:13-44
	android:name
		ADDED from [android.arch.work:work-runtime:1.0.0-alpha08] AndroidManifest.xml:96:13-88
intent-filter#action:name:android.intent.action.BOOT_COMPLETED+action:name:android.intent.action.TIMEZONE_CHANGED+action:name:android.intent.action.TIME_SET
ADDED from [android.arch.work:work-runtime:1.0.0-alpha08] AndroidManifest.xml:100:13-104:29
action#android.intent.action.BOOT_COMPLETED
ADDED from [android.arch.work:work-runtime:1.0.0-alpha08] AndroidManifest.xml:101:17-79
	android:name
		ADDED from [android.arch.work:work-runtime:1.0.0-alpha08] AndroidManifest.xml:101:25-76
action#android.intent.action.TIME_SET
ADDED from [android.arch.work:work-runtime:1.0.0-alpha08] AndroidManifest.xml:102:17-73
	android:name
		ADDED from [android.arch.work:work-runtime:1.0.0-alpha08] AndroidManifest.xml:102:25-70
action#android.intent.action.TIMEZONE_CHANGED
ADDED from [android.arch.work:work-runtime:1.0.0-alpha08] AndroidManifest.xml:103:17-81
	android:name
		ADDED from [android.arch.work:work-runtime:1.0.0-alpha08] AndroidManifest.xml:103:25-78
receiver#androidx.work.impl.background.systemalarm.ConstraintProxyUpdateReceiver
ADDED from [android.arch.work:work-runtime:1.0.0-alpha08] AndroidManifest.xml:106:9-115:20
	android:enabled
		ADDED from [android.arch.work:work-runtime:1.0.0-alpha08] AndroidManifest.xml:109:13-72
	android:exported
		ADDED from [android.arch.work:work-runtime:1.0.0-alpha08] AndroidManifest.xml:110:13-37
	tools:targetApi
		ADDED from [android.arch.work:work-runtime:1.0.0-alpha08] AndroidManifest.xml:111:13-32
	android:directBootAware
		ADDED from [android.arch.work:work-runtime:1.0.0-alpha08] AndroidManifest.xml:108:13-44
	android:name
		ADDED from [android.arch.work:work-runtime:1.0.0-alpha08] AndroidManifest.xml:107:13-99
intent-filter#action:name:androidx.work.impl.background.systemalarm.UpdateProxies
ADDED from [android.arch.work:work-runtime:1.0.0-alpha08] AndroidManifest.xml:112:13-114:29
action#androidx.work.impl.background.systemalarm.UpdateProxies
ADDED from [android.arch.work:work-runtime:1.0.0-alpha08] AndroidManifest.xml:113:17-98
	android:name
		ADDED from [android.arch.work:work-runtime:1.0.0-alpha08] AndroidManifest.xml:113:25-95
provider#android.arch.lifecycle.ProcessLifecycleOwnerInitializer
ADDED from [android.arch.lifecycle:extensions:1.1.0] AndroidManifest.xml:23:9-27:43
	android:authorities
		ADDED from [android.arch.lifecycle:extensions:1.1.0] AndroidManifest.xml:25:13-68
	android:multiprocess
		ADDED from [android.arch.lifecycle:extensions:1.1.0] AndroidManifest.xml:27:13-40
	android:exported
		ADDED from [android.arch.lifecycle:extensions:1.1.0] AndroidManifest.xml:26:13-37
	android:name
		ADDED from [android.arch.lifecycle:extensions:1.1.0] AndroidManifest.xml:24:13-83